[2023-07-20T12:52:06.864+0530] {taskinstance.py:1103} INFO - Dependencies all met for dep_context=non-requeueable deps ti=<TaskInstance: spark_data_processing.run_spark scheduled__2023-07-02T08:00:00+00:00 [queued]>
[2023-07-20T12:52:06.870+0530] {taskinstance.py:1103} INFO - Dependencies all met for dep_context=requeueable deps ti=<TaskInstance: spark_data_processing.run_spark scheduled__2023-07-02T08:00:00+00:00 [queued]>
[2023-07-20T12:52:06.870+0530] {taskinstance.py:1308} INFO - Starting attempt 19 of 21
[2023-07-20T12:52:06.908+0530] {taskinstance.py:1327} INFO - Executing <Task(BashOperator): run_spark> on 2023-07-02 08:00:00+00:00
[2023-07-20T12:52:06.912+0530] {standard_task_runner.py:57} INFO - Started process 81468 to run task
[2023-07-20T12:52:06.917+0530] {standard_task_runner.py:84} INFO - Running: ['airflow', 'tasks', 'run', 'spark_data_processing', 'run_spark', 'scheduled__2023-07-02T08:00:00+00:00', '--job-id', '416', '--raw', '--subdir', 'DAGS_FOLDER/assignment2.py', '--cfg-path', '/tmp/tmph4_xjuwd']
[2023-07-20T12:52:06.918+0530] {standard_task_runner.py:85} INFO - Job 416: Subtask run_spark
[2023-07-20T12:52:06.981+0530] {task_command.py:410} INFO - Running <TaskInstance: spark_data_processing.run_spark scheduled__2023-07-02T08:00:00+00:00 [running]> on host neosoft-Latitude-E5270
[2023-07-20T12:52:07.039+0530] {taskinstance.py:1545} INFO - Exporting env vars: AIRFLOW_CTX_DAG_EMAIL='nikitaneti21@gmail.com' AIRFLOW_CTX_DAG_OWNER='Nikita' AIRFLOW_CTX_DAG_ID='spark_data_processing' AIRFLOW_CTX_TASK_ID='run_spark' AIRFLOW_CTX_EXECUTION_DATE='2023-07-02T08:00:00+00:00' AIRFLOW_CTX_TRY_NUMBER='19' AIRFLOW_CTX_DAG_RUN_ID='scheduled__2023-07-02T08:00:00+00:00'
[2023-07-20T12:52:07.041+0530] {subprocess.py:63} INFO - Tmp dir root location: /tmp
[2023-07-20T12:52:07.041+0530] {subprocess.py:75} INFO - Running command: ['/usr/bin/bash', '-c', '\nspark-submit --master local /home/neosoft/airflow/Assignment_airflow/pyspark1.py']
[2023-07-20T12:52:07.048+0530] {subprocess.py:86} INFO - Output:
[2023-07-20T12:52:09.434+0530] {subprocess.py:93} INFO - 23/07/20 12:52:09 WARN Utils: Your hostname, neosoft-Latitude-E5270 resolves to a loopback address: 127.0.1.1; using 10.0.28.108 instead (on interface enp0s31f6)
[2023-07-20T12:52:09.439+0530] {subprocess.py:93} INFO - 23/07/20 12:52:09 WARN Utils: Set SPARK_LOCAL_IP if you need to bind to another address
[2023-07-20T12:52:10.597+0530] {subprocess.py:93} INFO - 23/07/20 12:52:10 INFO SparkContext: Running Spark version 3.4.0
[2023-07-20T12:52:10.672+0530] {subprocess.py:93} INFO - 23/07/20 12:52:10 WARN NativeCodeLoader: Unable to load native-hadoop library for your platform... using builtin-java classes where applicable
[2023-07-20T12:52:10.781+0530] {subprocess.py:93} INFO - 23/07/20 12:52:10 INFO ResourceUtils: ==============================================================
[2023-07-20T12:52:10.782+0530] {subprocess.py:93} INFO - 23/07/20 12:52:10 INFO ResourceUtils: No custom resources configured for spark.driver.
[2023-07-20T12:52:10.782+0530] {subprocess.py:93} INFO - 23/07/20 12:52:10 INFO ResourceUtils: ==============================================================
[2023-07-20T12:52:10.783+0530] {subprocess.py:93} INFO - 23/07/20 12:52:10 INFO SparkContext: Submitted application: pyspark1.py
[2023-07-20T12:52:10.817+0530] {subprocess.py:93} INFO - 23/07/20 12:52:10 INFO ResourceProfile: Default ResourceProfile created, executor resources: Map(cores -> name: cores, amount: 1, script: , vendor: , memory -> name: memory, amount: 1024, script: , vendor: , offHeap -> name: offHeap, amount: 0, script: , vendor: ), task resources: Map(cpus -> name: cpus, amount: 1.0)
[2023-07-20T12:52:10.835+0530] {subprocess.py:93} INFO - 23/07/20 12:52:10 INFO ResourceProfile: Limiting resource is cpu
[2023-07-20T12:52:10.836+0530] {subprocess.py:93} INFO - 23/07/20 12:52:10 INFO ResourceProfileManager: Added ResourceProfile id: 0
[2023-07-20T12:52:10.911+0530] {subprocess.py:93} INFO - 23/07/20 12:52:10 INFO SecurityManager: Changing view acls to: neosoft
[2023-07-20T12:52:10.911+0530] {subprocess.py:93} INFO - 23/07/20 12:52:10 INFO SecurityManager: Changing modify acls to: neosoft
[2023-07-20T12:52:10.912+0530] {subprocess.py:93} INFO - 23/07/20 12:52:10 INFO SecurityManager: Changing view acls groups to:
[2023-07-20T12:52:10.913+0530] {subprocess.py:93} INFO - 23/07/20 12:52:10 INFO SecurityManager: Changing modify acls groups to:
[2023-07-20T12:52:10.914+0530] {subprocess.py:93} INFO - 23/07/20 12:52:10 INFO SecurityManager: SecurityManager: authentication disabled; ui acls disabled; users with view permissions: neosoft; groups with view permissions: EMPTY; users with modify permissions: neosoft; groups with modify permissions: EMPTY
[2023-07-20T12:52:11.273+0530] {subprocess.py:93} INFO - 23/07/20 12:52:11 INFO Utils: Successfully started service 'sparkDriver' on port 42047.
[2023-07-20T12:52:11.321+0530] {subprocess.py:93} INFO - 23/07/20 12:52:11 INFO SparkEnv: Registering MapOutputTracker
[2023-07-20T12:52:11.364+0530] {subprocess.py:93} INFO - 23/07/20 12:52:11 INFO SparkEnv: Registering BlockManagerMaster
[2023-07-20T12:52:11.398+0530] {subprocess.py:93} INFO - 23/07/20 12:52:11 INFO BlockManagerMasterEndpoint: Using org.apache.spark.storage.DefaultTopologyMapper for getting topology information
[2023-07-20T12:52:11.399+0530] {subprocess.py:93} INFO - 23/07/20 12:52:11 INFO BlockManagerMasterEndpoint: BlockManagerMasterEndpoint up
[2023-07-20T12:52:11.407+0530] {subprocess.py:93} INFO - 23/07/20 12:52:11 INFO SparkEnv: Registering BlockManagerMasterHeartbeat
[2023-07-20T12:52:11.467+0530] {subprocess.py:93} INFO - 23/07/20 12:52:11 INFO DiskBlockManager: Created local directory at /tmp/blockmgr-c44f762f-8bbb-4cd5-b7d4-b4e626f2769a
[2023-07-20T12:52:11.518+0530] {subprocess.py:93} INFO - 23/07/20 12:52:11 INFO MemoryStore: MemoryStore started with capacity 434.4 MiB
[2023-07-20T12:52:11.574+0530] {subprocess.py:93} INFO - 23/07/20 12:52:11 INFO SparkEnv: Registering OutputCommitCoordinator
[2023-07-20T12:52:11.835+0530] {subprocess.py:93} INFO - 23/07/20 12:52:11 INFO JettyUtils: Start Jetty 0.0.0.0:4040 for SparkUI
[2023-07-20T12:52:11.936+0530] {subprocess.py:93} INFO - 23/07/20 12:52:11 INFO Utils: Successfully started service 'SparkUI' on port 4040.
[2023-07-20T12:52:12.099+0530] {subprocess.py:93} INFO - 23/07/20 12:52:12 INFO Executor: Starting executor ID driver on host 10.0.28.108
[2023-07-20T12:52:12.107+0530] {subprocess.py:93} INFO - 23/07/20 12:52:12 INFO Executor: Starting executor with user classpath (userClassPathFirst = false): ''
[2023-07-20T12:52:12.132+0530] {subprocess.py:93} INFO - 23/07/20 12:52:12 INFO Utils: Successfully started service 'org.apache.spark.network.netty.NettyBlockTransferService' on port 42509.
[2023-07-20T12:52:12.132+0530] {subprocess.py:93} INFO - 23/07/20 12:52:12 INFO NettyBlockTransferService: Server created on 10.0.28.108:42509
[2023-07-20T12:52:12.135+0530] {subprocess.py:93} INFO - 23/07/20 12:52:12 INFO BlockManager: Using org.apache.spark.storage.RandomBlockReplicationPolicy for block replication policy
[2023-07-20T12:52:12.142+0530] {subprocess.py:93} INFO - 23/07/20 12:52:12 INFO BlockManagerMaster: Registering BlockManager BlockManagerId(driver, 10.0.28.108, 42509, None)
[2023-07-20T12:52:12.146+0530] {subprocess.py:93} INFO - 23/07/20 12:52:12 INFO BlockManagerMasterEndpoint: Registering block manager 10.0.28.108:42509 with 434.4 MiB RAM, BlockManagerId(driver, 10.0.28.108, 42509, None)
[2023-07-20T12:52:12.149+0530] {subprocess.py:93} INFO - 23/07/20 12:52:12 INFO BlockManagerMaster: Registered BlockManager BlockManagerId(driver, 10.0.28.108, 42509, None)
[2023-07-20T12:52:12.150+0530] {subprocess.py:93} INFO - 23/07/20 12:52:12 INFO BlockManager: Initialized BlockManager: BlockManagerId(driver, 10.0.28.108, 42509, None)
[2023-07-20T12:52:12.735+0530] {subprocess.py:93} INFO - 23/07/20 12:52:12 INFO SharedState: Setting hive.metastore.warehouse.dir ('null') to the value of spark.sql.warehouse.dir.
[2023-07-20T12:52:12.745+0530] {subprocess.py:93} INFO - 23/07/20 12:52:12 INFO SharedState: Warehouse path is 'file:/tmp/airflowtmpspqbk56e/spark-warehouse'.
[2023-07-20T12:52:13.905+0530] {subprocess.py:93} INFO - Traceback (most recent call last):
[2023-07-20T12:52:13.905+0530] {subprocess.py:93} INFO -   File "/home/neosoft/airflow/Assignment_airflow/pyspark1.py", line 19, in <module>
[2023-07-20T12:52:13.905+0530] {subprocess.py:93} INFO -     df = spark.read.jdbc(jdbc_url, table_name, properties=properties)
[2023-07-20T12:52:13.905+0530] {subprocess.py:93} INFO -   File "/opt/spark/spark-3.4.0-bin-hadoop3/python/lib/pyspark.zip/pyspark/sql/readwriter.py", line 927, in jdbc
[2023-07-20T12:52:13.906+0530] {subprocess.py:93} INFO -   File "/opt/spark/spark-3.4.0-bin-hadoop3/python/lib/py4j-0.10.9.7-src.zip/py4j/java_gateway.py", line 1322, in __call__
[2023-07-20T12:52:13.906+0530] {subprocess.py:93} INFO -   File "/opt/spark/spark-3.4.0-bin-hadoop3/python/lib/pyspark.zip/pyspark/errors/exceptions/captured.py", line 169, in deco
[2023-07-20T12:52:13.906+0530] {subprocess.py:93} INFO -   File "/opt/spark/spark-3.4.0-bin-hadoop3/python/lib/py4j-0.10.9.7-src.zip/py4j/protocol.py", line 326, in get_return_value
[2023-07-20T12:52:13.906+0530] {subprocess.py:93} INFO - py4j.protocol.Py4JJavaError: An error occurred while calling o25.jdbc.
[2023-07-20T12:52:13.906+0530] {subprocess.py:93} INFO - : java.lang.ClassNotFoundException: com.mysql.cj.jdbc.Driver
[2023-07-20T12:52:13.906+0530] {subprocess.py:93} INFO - 	at java.base/java.net.URLClassLoader.findClass(URLClassLoader.java:476)
[2023-07-20T12:52:13.907+0530] {subprocess.py:93} INFO - 	at java.base/java.lang.ClassLoader.loadClass(ClassLoader.java:589)
[2023-07-20T12:52:13.907+0530] {subprocess.py:93} INFO - 	at java.base/java.lang.ClassLoader.loadClass(ClassLoader.java:522)
[2023-07-20T12:52:13.907+0530] {subprocess.py:93} INFO - 	at org.apache.spark.sql.execution.datasources.jdbc.DriverRegistry$.register(DriverRegistry.scala:46)
[2023-07-20T12:52:13.907+0530] {subprocess.py:93} INFO - 	at org.apache.spark.sql.execution.datasources.jdbc.JDBCOptions.$anonfun$driverClass$1(JDBCOptions.scala:103)
[2023-07-20T12:52:13.907+0530] {subprocess.py:93} INFO - 	at org.apache.spark.sql.execution.datasources.jdbc.JDBCOptions.$anonfun$driverClass$1$adapted(JDBCOptions.scala:103)
[2023-07-20T12:52:13.907+0530] {subprocess.py:93} INFO - 	at scala.Option.foreach(Option.scala:407)
[2023-07-20T12:52:13.907+0530] {subprocess.py:93} INFO - 	at org.apache.spark.sql.execution.datasources.jdbc.JDBCOptions.<init>(JDBCOptions.scala:103)
[2023-07-20T12:52:13.907+0530] {subprocess.py:93} INFO - 	at org.apache.spark.sql.execution.datasources.jdbc.JDBCOptions.<init>(JDBCOptions.scala:41)
[2023-07-20T12:52:13.907+0530] {subprocess.py:93} INFO - 	at org.apache.spark.sql.execution.datasources.jdbc.JdbcRelationProvider.createRelation(JdbcRelationProvider.scala:34)
[2023-07-20T12:52:13.908+0530] {subprocess.py:93} INFO - 	at org.apache.spark.sql.execution.datasources.DataSource.resolveRelation(DataSource.scala:346)
[2023-07-20T12:52:13.908+0530] {subprocess.py:93} INFO - 	at org.apache.spark.sql.DataFrameReader.loadV1Source(DataFrameReader.scala:229)
[2023-07-20T12:52:13.908+0530] {subprocess.py:93} INFO - 	at org.apache.spark.sql.DataFrameReader.$anonfun$load$2(DataFrameReader.scala:211)
[2023-07-20T12:52:13.908+0530] {subprocess.py:93} INFO - 	at scala.Option.getOrElse(Option.scala:189)
[2023-07-20T12:52:13.908+0530] {subprocess.py:93} INFO - 	at org.apache.spark.sql.DataFrameReader.load(DataFrameReader.scala:211)
[2023-07-20T12:52:13.908+0530] {subprocess.py:93} INFO - 	at org.apache.spark.sql.DataFrameReader.load(DataFrameReader.scala:172)
[2023-07-20T12:52:13.908+0530] {subprocess.py:93} INFO - 	at org.apache.spark.sql.DataFrameReader.jdbc(DataFrameReader.scala:249)
[2023-07-20T12:52:13.908+0530] {subprocess.py:93} INFO - 	at java.base/jdk.internal.reflect.NativeMethodAccessorImpl.invoke0(Native Method)
[2023-07-20T12:52:13.908+0530] {subprocess.py:93} INFO - 	at java.base/jdk.internal.reflect.NativeMethodAccessorImpl.invoke(NativeMethodAccessorImpl.java:62)
[2023-07-20T12:52:13.909+0530] {subprocess.py:93} INFO - 	at java.base/jdk.internal.reflect.DelegatingMethodAccessorImpl.invoke(DelegatingMethodAccessorImpl.java:43)
[2023-07-20T12:52:13.909+0530] {subprocess.py:93} INFO - 	at java.base/java.lang.reflect.Method.invoke(Method.java:566)
[2023-07-20T12:52:13.909+0530] {subprocess.py:93} INFO - 	at py4j.reflection.MethodInvoker.invoke(MethodInvoker.java:244)
[2023-07-20T12:52:13.909+0530] {subprocess.py:93} INFO - 	at py4j.reflection.ReflectionEngine.invoke(ReflectionEngine.java:374)
[2023-07-20T12:52:13.909+0530] {subprocess.py:93} INFO - 	at py4j.Gateway.invoke(Gateway.java:282)
[2023-07-20T12:52:13.909+0530] {subprocess.py:93} INFO - 	at py4j.commands.AbstractCommand.invokeMethod(AbstractCommand.java:132)
[2023-07-20T12:52:13.909+0530] {subprocess.py:93} INFO - 	at py4j.commands.CallCommand.execute(CallCommand.java:79)
[2023-07-20T12:52:13.909+0530] {subprocess.py:93} INFO - 	at py4j.ClientServerConnection.waitForCommands(ClientServerConnection.java:182)
[2023-07-20T12:52:13.909+0530] {subprocess.py:93} INFO - 	at py4j.ClientServerConnection.run(ClientServerConnection.java:106)
[2023-07-20T12:52:13.910+0530] {subprocess.py:93} INFO - 	at java.base/java.lang.Thread.run(Thread.java:829)
[2023-07-20T12:52:13.910+0530] {subprocess.py:93} INFO - 
[2023-07-20T12:52:13.941+0530] {subprocess.py:93} INFO - 23/07/20 12:52:13 INFO SparkContext: Invoking stop() from shutdown hook
[2023-07-20T12:52:13.941+0530] {subprocess.py:93} INFO - 23/07/20 12:52:13 INFO SparkContext: SparkContext is stopping with exitCode 0.
[2023-07-20T12:52:13.958+0530] {subprocess.py:93} INFO - 23/07/20 12:52:13 INFO SparkUI: Stopped Spark web UI at http://10.0.28.108:4040
[2023-07-20T12:52:13.989+0530] {subprocess.py:93} INFO - 23/07/20 12:52:13 INFO MapOutputTrackerMasterEndpoint: MapOutputTrackerMasterEndpoint stopped!
[2023-07-20T12:52:14.001+0530] {subprocess.py:93} INFO - 23/07/20 12:52:14 INFO MemoryStore: MemoryStore cleared
[2023-07-20T12:52:14.002+0530] {subprocess.py:93} INFO - 23/07/20 12:52:14 INFO BlockManager: BlockManager stopped
[2023-07-20T12:52:14.010+0530] {subprocess.py:93} INFO - 23/07/20 12:52:14 INFO BlockManagerMaster: BlockManagerMaster stopped
[2023-07-20T12:52:14.014+0530] {subprocess.py:93} INFO - 23/07/20 12:52:14 INFO OutputCommitCoordinator$OutputCommitCoordinatorEndpoint: OutputCommitCoordinator stopped!
[2023-07-20T12:52:14.020+0530] {subprocess.py:93} INFO - 23/07/20 12:52:14 INFO SparkContext: Successfully stopped SparkContext
[2023-07-20T12:52:14.020+0530] {subprocess.py:93} INFO - 23/07/20 12:52:14 INFO ShutdownHookManager: Shutdown hook called
[2023-07-20T12:52:14.021+0530] {subprocess.py:93} INFO - 23/07/20 12:52:14 INFO ShutdownHookManager: Deleting directory /tmp/spark-63b17cd2-2730-459a-83a5-b0528ff3fb0c
[2023-07-20T12:52:14.024+0530] {subprocess.py:93} INFO - 23/07/20 12:52:14 INFO ShutdownHookManager: Deleting directory /tmp/spark-c8e6632d-3e0e-46b4-ad21-7d132ad2313e/pyspark-646db16f-b3ac-4c69-b68f-3f2e0bd529eb
[2023-07-20T12:52:14.027+0530] {subprocess.py:93} INFO - 23/07/20 12:52:14 INFO ShutdownHookManager: Deleting directory /tmp/spark-c8e6632d-3e0e-46b4-ad21-7d132ad2313e
[2023-07-20T12:52:14.101+0530] {subprocess.py:97} INFO - Command exited with return code 1
[2023-07-20T12:52:14.109+0530] {taskinstance.py:1824} ERROR - Task failed with exception
Traceback (most recent call last):
  File "/home/neosoft/airflow/py_env/lib/python3.8/site-packages/airflow/operators/bash.py", line 210, in execute
    raise AirflowException(
airflow.exceptions.AirflowException: Bash command failed. The command returned a non-zero exit code 1.
[2023-07-20T12:52:14.112+0530] {taskinstance.py:1345} INFO - Marking task as UP_FOR_RETRY. dag_id=spark_data_processing, task_id=run_spark, execution_date=20230702T080000, start_date=20230720T072206, end_date=20230720T072214
[2023-07-20T12:52:14.125+0530] {base.py:73} INFO - Using connection ID 'smtp_default' for task execution.
[2023-07-20T12:52:14.125+0530] {email.py:268} INFO - Email alerting: attempt 1
[2023-07-20T12:52:16.167+0530] {base.py:73} INFO - Using connection ID 'smtp_default' for task execution.
[2023-07-20T12:52:16.168+0530] {email.py:268} INFO - Email alerting: attempt 1
[2023-07-20T12:52:18.015+0530] {taskinstance.py:1889} ERROR - Failed to send email to: ['nikitaneti21@gmail.com']
Traceback (most recent call last):
  File "/home/neosoft/airflow/py_env/lib/python3.8/site-packages/airflow/models/taskinstance.py", line 1407, in _run_raw_task
    self._execute_task_with_callbacks(context, test_mode)
  File "/home/neosoft/airflow/py_env/lib/python3.8/site-packages/airflow/models/taskinstance.py", line 1558, in _execute_task_with_callbacks
    result = self._execute_task(context, task_orig)
  File "/home/neosoft/airflow/py_env/lib/python3.8/site-packages/airflow/models/taskinstance.py", line 1628, in _execute_task
    result = execute_callable(context=context)
  File "/home/neosoft/airflow/py_env/lib/python3.8/site-packages/airflow/operators/bash.py", line 210, in execute
    raise AirflowException(
airflow.exceptions.AirflowException: Bash command failed. The command returned a non-zero exit code 1.

During handling of the above exception, another exception occurred:

Traceback (most recent call last):
  File "/home/neosoft/airflow/py_env/lib/python3.8/site-packages/airflow/models/taskinstance.py", line 2295, in email_alert
    send_email(task.email, subject, html_content)
  File "/home/neosoft/airflow/py_env/lib/python3.8/site-packages/airflow/utils/email.py", line 78, in send_email
    return backend(
  File "/home/neosoft/airflow/py_env/lib/python3.8/site-packages/airflow/utils/email.py", line 152, in send_email_smtp
    send_mime_email(e_from=mail_from, e_to=recipients, mime_msg=msg, conn_id=conn_id, dryrun=dryrun)
  File "/home/neosoft/airflow/py_env/lib/python3.8/site-packages/airflow/utils/email.py", line 279, in send_mime_email
    smtp_conn.login(smtp_user, smtp_password)
  File "/usr/lib/python3.8/smtplib.py", line 743, in login
    raise last_exception
  File "/usr/lib/python3.8/smtplib.py", line 732, in login
    (code, resp) = self.auth(
  File "/usr/lib/python3.8/smtplib.py", line 655, in auth
    raise SMTPAuthenticationError(code, resp)
smtplib.SMTPAuthenticationError: (534, b'5.7.9 Application-specific password required. Learn more at\n5.7.9  https://support.google.com/mail/?p=InvalidSecondFactor c3-20020a62e803000000b0067b384d5955sm457515pfi.26 - gsmtp')

During handling of the above exception, another exception occurred:

Traceback (most recent call last):
  File "/home/neosoft/airflow/py_env/lib/python3.8/site-packages/airflow/models/taskinstance.py", line 1887, in handle_failure
    self.email_alert(error, task)
  File "/home/neosoft/airflow/py_env/lib/python3.8/site-packages/airflow/models/taskinstance.py", line 2297, in email_alert
    send_email(task.email, subject, html_content_err)
  File "/home/neosoft/airflow/py_env/lib/python3.8/site-packages/airflow/utils/email.py", line 78, in send_email
    return backend(
  File "/home/neosoft/airflow/py_env/lib/python3.8/site-packages/airflow/utils/email.py", line 152, in send_email_smtp
    send_mime_email(e_from=mail_from, e_to=recipients, mime_msg=msg, conn_id=conn_id, dryrun=dryrun)
  File "/home/neosoft/airflow/py_env/lib/python3.8/site-packages/airflow/utils/email.py", line 279, in send_mime_email
    smtp_conn.login(smtp_user, smtp_password)
  File "/usr/lib/python3.8/smtplib.py", line 743, in login
    raise last_exception
  File "/usr/lib/python3.8/smtplib.py", line 732, in login
    (code, resp) = self.auth(
  File "/usr/lib/python3.8/smtplib.py", line 655, in auth
    raise SMTPAuthenticationError(code, resp)
smtplib.SMTPAuthenticationError: (534, b'5.7.9 Application-specific password required. Learn more at\n5.7.9  https://support.google.com/mail/?p=InvalidSecondFactor v8-20020a62a508000000b0065a1b05193asm402179pfm.185 - gsmtp')
[2023-07-20T12:52:18.040+0530] {standard_task_runner.py:104} ERROR - Failed to execute job 416 for task run_spark (Bash command failed. The command returned a non-zero exit code 1.; 81468)
[2023-07-20T12:52:18.072+0530] {local_task_job_runner.py:225} INFO - Task exited with return code 1
[2023-07-20T12:52:18.096+0530] {taskinstance.py:2653} INFO - 0 downstream tasks scheduled from follow-on schedule check
